2022-06-16 08:47:17
Checking for file...file exists. Moving on.
2022-06-16 08:47:17
Checking for file...file exists. Moving on.
2022-06-16 08:47:17
Checking for file...file exists. Moving on.
2022-06-16 08:47:17
Checking for file...file exists. Moving on.
2022-06-16 08:47:17
Checking for file...file exists. Moving on.
2022-06-16 08:47:17
Checking for file...file exists. Moving on.
2022-06-16 08:47:17
Checking for file...file exists. Moving on.
2022-06-16 08:51:47
Checking for file...file exists. Moving on.
2022-06-16 08:51:47
File name is: C:\xfer\file_snap_test\user1\test.txt
2022-06-16 08:51:47
Checking for file...file exists. Moving on.
2022-06-16 08:51:47
File name is: C:\xfer\file_snap_test\user1\something\test.txt
2022-06-16 08:51:47
Checking for file...file exists. Moving on.
2022-06-16 08:51:47
File name is: C:\xfer\file_snap_test\user2\test.txt
2022-06-16 08:51:47
Checking for file...file exists. Moving on.
2022-06-16 08:51:47
File name is: C:\xfer\file_snap_test\user2\something special\test.txt
2022-06-16 08:51:47
Checking for file...file exists. Moving on.
2022-06-16 08:51:47
File name is: C:\xfer\file_snap_test\user3\testing_another_file.txt
2022-06-16 08:51:47
Checking for file...file exists. Moving on.
2022-06-16 08:51:47
File name is: C:\xfer\file_snap_test\user3\testing_something_else.txt.txt
2022-06-16 08:51:47
Checking for file...file exists. Moving on.
2022-06-16 08:51:47
File name is: C:\xfer\file_snap_test\user4\test.txt
2022-06-16 13:37:18
Checking for file...file exists. Moving on.
2022-06-16 13:37:18
File name is: C:\xfer\file_snap_test\user1\test.txt
2022-06-16 13:37:18
Checking for file...file exists. Moving on.
2022-06-16 13:37:18
File name is: C:\xfer\file_snap_test\user1\something\test.txt
2022-06-16 13:37:18
Checking for file...file exists. Moving on.
2022-06-16 13:37:18
File name is: C:\xfer\file_snap_test\user2\test.txt
2022-06-16 13:37:18
Checking for file...file exists. Moving on.
2022-06-16 13:37:18
File name is: C:\xfer\file_snap_test\user2\something special\test.txt
2022-06-16 13:37:18
Checking for file...file exists. Moving on.
2022-06-16 13:37:18
File name is: C:\xfer\file_snap_test\user3\testing_another_file.txt
2022-06-16 13:37:18
Checking for file...file exists. Moving on.
2022-06-16 13:37:18
File name is: C:\xfer\file_snap_test\user3\testing_something_else.txt.txt
2022-06-16 13:37:18
Checking for file...file exists. Moving on.
2022-06-16 13:37:18
File name is: C:\xfer\file_snap_test\user4\test.txt
2022-06-16 13:40:13
Checking for file...file exists. Moving on.
2022-06-16 13:40:13
File name is: C:\xfer\file_snap_test\user1\test.txt
2022-06-16 13:40:13
Checking for file...file exists. Moving on.
2022-06-16 13:40:13
File name is: C:\xfer\file_snap_test\user1\something\test.txt
2022-06-16 13:40:13
Checking for file...file exists. Moving on.
2022-06-16 13:40:13
File name is: C:\xfer\file_snap_test\user2\test.txt
2022-06-16 13:40:13
Checking for file...file exists. Moving on.
2022-06-16 13:40:13
File name is: C:\xfer\file_snap_test\user2\something special\test.txt
2022-06-16 13:40:13
Checking for file...file exists. Moving on.
2022-06-16 13:40:13
File name is: C:\xfer\file_snap_test\user3\testing_another_file.txt
2022-06-16 13:40:13
Checking for file...file exists. Moving on.
2022-06-16 13:40:13
File name is: C:\xfer\file_snap_test\user3\testing_something_else.txt.txt
2022-06-16 13:40:13
Checking for file...file exists. Moving on.
2022-06-16 13:40:13
File name is: C:\xfer\file_snap_test\user4\test.txt
2022-06-16 13:42:31
Checking for file...file exists. Moving on.
2022-06-16 13:42:31
File name is: C:\xfer\file_snap_test\user1\test.txt
2022-06-16 13:42:31
Checking for file...file exists. Moving on.
2022-06-16 13:42:31
File name is: C:\xfer\file_snap_test\user1\something\test.txt
2022-06-16 13:42:31
Checking for file...file exists. Moving on.
2022-06-16 13:42:31
File name is: C:\xfer\file_snap_test\user2\test.txt
2022-06-16 13:42:31
Checking for file...file exists. Moving on.
2022-06-16 13:42:31
File name is: C:\xfer\file_snap_test\user2\something special\test.txt
2022-06-16 13:42:31
Checking for file...file exists. Moving on.
2022-06-16 13:42:31
File name is: C:\xfer\file_snap_test\user3\testing_another_file.txt
2022-06-16 13:42:31
Checking for file...file exists. Moving on.
2022-06-16 13:42:31
File name is: C:\xfer\file_snap_test\user3\testing_something_else.txt.txt
2022-06-16 13:42:31
Checking for file...file exists. Moving on.
2022-06-16 13:42:31
File name is: C:\xfer\file_snap_test\user4\test.txt
2022-06-16 13:43:28
Checking for file...file exists. Moving on.
2022-06-16 13:43:28
File name is: C:\xfer\file_snap_test\user1\test.txt
2022-06-16 13:43:28
Checking for file...file exists. Moving on.
2022-06-16 13:43:28
File name is: C:\xfer\file_snap_test\user1\something\test.txt
2022-06-16 13:43:28
Checking for file...file exists. Moving on.
2022-06-16 13:43:28
File name is: C:\xfer\file_snap_test\user2\test.txt
2022-06-16 13:43:28
Checking for file...file exists. Moving on.
2022-06-16 13:43:28
File name is: C:\xfer\file_snap_test\user2\something special\test.txt
2022-06-16 13:43:28
Checking for file...file exists. Moving on.
2022-06-16 13:43:28
File name is: C:\xfer\file_snap_test\user3\testing_another_file.txt
2022-06-16 13:43:28
Checking for file...file exists. Moving on.
2022-06-16 13:43:28
File name is: C:\xfer\file_snap_test\user3\testing_something_else.txt.txt
2022-06-16 13:43:29
Checking for file...file exists. Moving on.
2022-06-16 13:43:29
File name is: C:\xfer\file_snap_test\user4\test.txt
2022-06-16 13:51:17
Checking for file...file exists. Moving on.
2022-06-16 13:51:17
File name is: C:\xfer\file_snap_test\user1\test.txt
2022-06-16 13:51:17
Checking for file...file exists. Moving on.
2022-06-16 13:51:17
File name is: C:\xfer\file_snap_test\user1\something\test.txt
2022-06-16 13:51:17
Checking for file...file exists. Moving on.
2022-06-16 13:51:17
File name is: C:\xfer\file_snap_test\user2\test.txt
2022-06-16 13:51:17
Checking for file...file exists. Moving on.
2022-06-16 13:51:17
File name is: C:\xfer\file_snap_test\user2\something special\test.txt
2022-06-16 13:51:17
Checking for file...file exists. Moving on.
2022-06-16 13:51:17
File name is: C:\xfer\file_snap_test\user3\testing_another_file.txt
2022-06-16 13:51:17
Checking for file...file exists. Moving on.
2022-06-16 13:51:17
File name is: C:\xfer\file_snap_test\user3\testing_something_else.txt.txt
2022-06-16 13:51:17
Checking for file...file exists. Moving on.
2022-06-16 13:51:17
File name is: C:\xfer\file_snap_test\user4\test.txt
2022-06-16 13:51:48
Checking for file...file exists. Moving on.
2022-06-16 13:51:48
File name is: C:\xfer\file_snap_test\user1\test.txt
2022-06-16 13:51:48
Checking for file...file exists. Moving on.
2022-06-16 13:51:48
File name is: C:\xfer\file_snap_test\user1\something\test.txt
2022-06-16 13:51:48
Checking for file...file exists. Moving on.
2022-06-16 13:51:48
File name is: C:\xfer\file_snap_test\user2\test.txt
2022-06-16 13:51:48
Checking for file...file exists. Moving on.
2022-06-16 13:51:48
File name is: C:\xfer\file_snap_test\user2\something special\test.txt
2022-06-16 13:51:48
Checking for file...file exists. Moving on.
2022-06-16 13:51:48
File name is: C:\xfer\file_snap_test\user3\testing_another_file.txt
2022-06-16 13:51:48
Backing up the file...
2022-06-16 13:51:48
File name is: C:\xfer\file_snap_test\user3\testing_another_file.txt
2022-06-16 13:51:48
Checking for file...file exists. Moving on.
2022-06-16 13:51:48
File name is: C:\xfer\file_snap_test\user3\testing_something_else.txt.txt
2022-06-16 13:51:48
Checking for file...file exists. Moving on.
2022-06-16 13:51:48
File name is: C:\xfer\file_snap_test\user4\test.txt
2022-06-28 13:06:50
Checking for file...file exists. Moving on.
2022-06-28 13:06:50
File name is: C:\xfer\file_snap_test\user1\test.txt
2022-06-28 13:06:50
Checking for file...file exists. Moving on.
2022-06-28 13:06:50
File name is: C:\xfer\file_snap_test\user1\something\test.txt
2022-06-28 13:06:50
Checking for file...file exists. Moving on.
2022-06-28 13:06:50
File name is: C:\xfer\file_snap_test\user2\test.txt
2022-06-28 13:06:50
Checking for file...file exists. Moving on.
2022-06-28 13:06:50
File name is: C:\xfer\file_snap_test\user2\something special\test.txt
2022-06-28 13:06:50
Checking for file...file exists. Moving on.
2022-06-28 13:06:50
File name is: C:\xfer\file_snap_test\user3\testing_another_file.txt
2022-06-28 13:06:50
Checking for file...file exists. Moving on.
2022-06-28 13:06:50
File name is: C:\xfer\file_snap_test\user3\testing_something_else.txt.txt
2022-06-28 13:06:50
Checking for file...file exists. Moving on.
2022-06-28 13:06:50
File name is: C:\xfer\file_snap_test\user4\test.txt
2022-06-28 13:13:38
Checking for file...file exists. Moving on.
2022-06-28 13:13:38
File name is: C:\xfer\file_snap_test\user1\test.txt
2022-06-28 13:13:38
Backing up the file...
2022-06-28 13:13:38
File name is: C:\xfer\file_snap_test\user1\test.txt
2022-06-28 13:13:38
Checking for file...file exists. Moving on.
2022-06-28 13:13:38
File name is: C:\xfer\file_snap_test\user1\something\test.txt
2022-06-28 13:13:38
Checking for file...file exists. Moving on.
2022-06-28 13:13:38
File name is: C:\xfer\file_snap_test\user2\test.txt
2022-06-28 13:13:38
Checking for file...file exists. Moving on.
2022-06-28 13:13:38
File name is: C:\xfer\file_snap_test\user2\something special\test.txt
2022-06-28 13:13:38
Checking for file...file exists. Moving on.
2022-06-28 13:13:38
File name is: C:\xfer\file_snap_test\user3\testing_another_file.txt
2022-06-28 13:13:38
Checking for file...file exists. Moving on.
2022-06-28 13:13:38
File name is: C:\xfer\file_snap_test\user3\testing_something_else.txt.txt
2022-06-28 13:13:38
Checking for file...file exists. Moving on.
2022-06-28 13:13:38
File name is: C:\xfer\file_snap_test\user4\test.txt
2022-06-28 13:19:39
Checking for file...file exists. Moving on.
2022-06-28 13:19:39
File name is: C:\xfer\file_snap_test\user1\test.txt
2022-06-28 13:19:39
Checking for file...file exists. Moving on.
2022-06-28 13:19:39
File name is: C:\xfer\file_snap_test\user1\something\test.txt
2022-06-28 13:19:39
Checking for file...file exists. Moving on.
2022-06-28 13:19:39
File name is: C:\xfer\file_snap_test\user2\test.txt
2022-06-28 13:19:39
Checking for file...file exists. Moving on.
2022-06-28 13:19:39
File name is: C:\xfer\file_snap_test\user2\something special\test.txt
2022-06-28 13:19:39
Checking for file...file exists. Moving on.
2022-06-28 13:19:39
File name is: C:\xfer\file_snap_test\user3\testing_another_file.txt
2022-06-28 13:19:39
Checking for file...file exists. Moving on.
2022-06-28 13:19:39
File name is: C:\xfer\file_snap_test\user3\testing_something_else.txt.txt
2022-06-28 13:19:39
Checking for file...file exists. Moving on.
2022-06-28 13:19:39
File name is: C:\xfer\file_snap_test\user4\test.txt
2022-06-28 13:19:39
Inserting the file information into the database.
2022-06-28 13:19:39
File name is: C:\xfer\file_snap_test\user4\this_is_another_test.txt
2022-06-28 13:20:53
Checking for file...file exists. Moving on.
2022-06-28 13:20:53
File name is: C:\xfer\file_snap_test\user1\test.txt
2022-06-28 13:20:53
Checking for file...file exists. Moving on.
2022-06-28 13:20:53
File name is: C:\xfer\file_snap_test\user1\something\test.txt
2022-06-28 13:20:53
Checking for file...file exists. Moving on.
2022-06-28 13:20:53
File name is: C:\xfer\file_snap_test\user2\test.txt
2022-06-28 13:20:53
Checking for file...file exists. Moving on.
2022-06-28 13:20:53
File name is: C:\xfer\file_snap_test\user2\something special\test.txt
2022-06-28 13:20:53
Checking for file...file exists. Moving on.
2022-06-28 13:20:53
File name is: C:\xfer\file_snap_test\user3\testing_another_file.txt
2022-06-28 13:20:53
Checking for file...file exists. Moving on.
2022-06-28 13:20:53
File name is: C:\xfer\file_snap_test\user3\testing_something_else.txt.txt
2022-06-28 13:20:53
Checking for file...file exists. Moving on.
2022-06-28 13:20:53
File name is: C:\xfer\file_snap_test\user4\test.txt
2022-06-28 13:20:53
Checking for file...file exists. Moving on.
2022-06-28 13:20:53
File name is: C:\xfer\file_snap_test\user4\this_is_another_test.txt
2022-06-28 13:20:53
Backing up the file...
2022-06-28 13:20:53
File name is: C:\xfer\file_snap_test\user4\this_is_another_test.txt
2022-06-28 13:21:49
Checking for file...file exists. Moving on.
2022-06-28 13:21:49
File name is: C:\xfer\file_snap_test\user1\test.txt
2022-06-28 13:21:49
Checking for file...file exists. Moving on.
2022-06-28 13:21:49
File name is: C:\xfer\file_snap_test\user1\something\test.txt
2022-06-28 13:21:49
Checking for file...file exists. Moving on.
2022-06-28 13:21:49
File name is: C:\xfer\file_snap_test\user2\test.txt
2022-06-28 13:21:49
Checking for file...file exists. Moving on.
2022-06-28 13:21:49
File name is: C:\xfer\file_snap_test\user2\something special\test.txt
2022-06-28 13:21:49
Checking for file...file exists. Moving on.
2022-06-28 13:21:49
File name is: C:\xfer\file_snap_test\user3\testing_another_file.txt
2022-06-28 13:21:49
Checking for file...file exists. Moving on.
2022-06-28 13:21:49
File name is: C:\xfer\file_snap_test\user3\testing_something_else.txt.txt
2022-06-28 13:21:49
Checking for file...file exists. Moving on.
2022-06-28 13:21:49
File name is: C:\xfer\file_snap_test\user4\test.txt
2022-06-28 13:21:49
Checking for file...file exists. Moving on.
2022-06-28 13:21:49
File name is: C:\xfer\file_snap_test\user4\this_is_another_test.txt
2022-06-28 13:21:49
Backing up the file...
2022-06-28 13:21:49
File name is: C:\xfer\file_snap_test\user4\this_is_another_test.txt
